Started GET "/" for ::1 at 2020-03-23 14:40:03 +0100
  
ActiveRecord::NoDatabaseError (FATAL:  database "rails-garden-manager_development" does not exist
):
  
activerecord (5.2.3) lib/active_record/connection_adapters/postgresql_adapter.rb:696:in `rescue in connect'
activerecord (5.2.3) lib/active_record/connection_adapters/postgresql_adapter.rb:691:in `connect'
activerecord (5.2.3) lib/active_record/connection_adapters/postgresql_adapter.rb:223:in `initialize'
activerecord (5.2.3) lib/active_record/connection_adapters/postgresql_adapter.rb:48:in `new'
activerecord (5.2.3) lib/active_record/connection_adapters/postgresql_adapter.rb:48:in `postgresql_connection'
activerecord (5.2.3) lib/active_record/connection_adapters/abstract/connection_pool.rb:811:in `new_connection'
activerecord (5.2.3) lib/active_record/connection_adapters/abstract/connection_pool.rb:855:in `checkout_new_connection'
activerecord (5.2.3) lib/active_record/connection_adapters/abstract/connection_pool.rb:834:in `try_to_checkout_new_connection'
activerecord (5.2.3) lib/active_record/connection_adapters/abstract/connection_pool.rb:795:in `acquire_connection'
activerecord (5.2.3) lib/active_record/connection_adapters/abstract/connection_pool.rb:523:in `checkout'
activerecord (5.2.3) lib/active_record/connection_adapters/abstract/connection_pool.rb:382:in `connection'
activerecord (5.2.3) lib/active_record/connection_adapters/abstract/connection_pool.rb:1014:in `retrieve_connection'
activerecord (5.2.3) lib/active_record/connection_handling.rb:118:in `retrieve_connection'
activerecord (5.2.3) lib/active_record/connection_handling.rb:90:in `connection'
activerecord (5.2.3) lib/active_record/migration.rb:554:in `call'
actionpack (5.2.3) lib/action_dispatch/middleware/callbacks.rb:28:in `block in call'
activesupport (5.2.3) lib/active_support/callbacks.rb:98:in `run_callbacks'
actionpack (5.2.3) lib/action_dispatch/middleware/callbacks.rb:26:in `call'
actionpack (5.2.3) lib/action_dispatch/middleware/executor.rb:14:in `call'
actionpack (5.2.3) lib/action_dispatch/middleware/debug_exceptions.rb:61:in `call'
web-console (3.7.0) lib/web_console/middleware.rb:135:in `call_app'
web-console (3.7.0) lib/web_console/middleware.rb:30:in `block in call'
web-console (3.7.0) lib/web_console/middleware.rb:20:in `catch'
web-console (3.7.0) lib/web_console/middleware.rb:20:in `call'
actionpack (5.2.3) lib/action_dispatch/middleware/show_exceptions.rb:33:in `call'
railties (5.2.3) lib/rails/rack/logger.rb:38:in `call_app'
railties (5.2.3) lib/rails/rack/logger.rb:26:in `block in call'
activesupport (5.2.3) lib/active_support/tagged_logging.rb:71:in `block in tagged'
activesupport (5.2.3) lib/active_support/tagged_logging.rb:28:in `tagged'
activesupport (5.2.3) lib/active_support/tagged_logging.rb:71:in `tagged'
railties (5.2.3) lib/rails/rack/logger.rb:26:in `call'
sprockets-rails (3.2.1) lib/sprockets/rails/quiet_assets.rb:13:in `call'
actionpack (5.2.3) lib/action_dispatch/middleware/remote_ip.rb:81:in `call'
actionpack (5.2.3) lib/action_dispatch/middleware/request_id.rb:27:in `call'
rack (2.2.2) lib/rack/method_override.rb:24:in `call'
rack (2.2.2) lib/rack/runtime.rb:22:in `call'
activesupport (5.2.3) lib/active_support/cache/strategy/local_cache_middleware.rb:29:in `call'
actionpack (5.2.3) lib/action_dispatch/middleware/executor.rb:14:in `call'
actionpack (5.2.3) lib/action_dispatch/middleware/static.rb:127:in `call'
rack (2.2.2) lib/rack/sendfile.rb:110:in `call'
webpacker (4.2.2) lib/webpacker/dev_server_proxy.rb:23:in `perform_request'
rack-proxy (0.6.5) lib/rack/proxy.rb:57:in `call'
railties (5.2.3) lib/rails/engine.rb:524:in `call'
puma (4.3.3) lib/puma/configuration.rb:228:in `call'
puma (4.3.3) lib/puma/server.rb:682:in `handle_request'
puma (4.3.3) lib/puma/server.rb:472:in `process_client'
puma (4.3.3) lib/puma/server.rb:328:in `block in run'
puma (4.3.3) lib/puma/thread_pool.rb:134:in `block in spawn_thread'
  [1m[35m (297.0ms)[0m  [1m[35mCREATE DATABASE "rails-garden-manager_development" ENCODING = 'unicode'[0m
  ↳ bin/rails:9
  [1m[35m (233.9ms)[0m  [1m[35mCREATE DATABASE "rails-garden-manager_test" ENCODING = 'unicode'[0m
  ↳ bin/rails:9
  [1m[35m (8.4ms)[0m  [1m[35mCREATE TABLE "schema_migrations" ("version" character varying NOT NULL PRIMARY KEY)[0m
  ↳ bin/rails:9
  [1m[35m (4.4ms)[0m  [1m[35mCREATE TABLE "ar_internal_metadata" ("key" character varying NOT NULL PRIMARY KEY, "value" character varying, "created_at" timestamp NOT NULL, "updated_at" timestamp NOT NULL)[0m
  ↳ bin/rails:9
  [1m[35m (0.2ms)[0m  [1m[34mSELECT pg_try_advisory_lock(5952389427026727090)[0m
  ↳ bin/rails:9
  [1m[35m (0.7ms)[0m  [1m[34mSELECT "schema_migrations"."version" FROM "schema_migrations" ORDER BY "schema_migrations"."version" ASC[0m
  ↳ bin/rails:9
Migrating to CreateGardens (20191125112553)
  [1m[35m (0.2ms)[0m  [1m[35mBEGIN[0m
  ↳ bin/rails:9
  [1m[35m (5.7ms)[0m  [1m[35mCREATE TABLE "gardens" ("id" bigserial primary key, "name" character varying, "banner_url" character varying, "created_at" timestamp NOT NULL, "updated_at" timestamp NOT NULL)[0m
  ↳ db/migrate/20191125112553_create_gardens.rb:3
  [1m[36mActiveRecord::SchemaMigration Create (0.4ms)[0m  [1m[32mINSERT INTO "schema_migrations" ("version") VALUES ($1) RETURNING "version"[0m  [["version", "20191125112553"]]
  ↳ bin/rails:9
  [1m[35m (0.7ms)[0m  [1m[35mCOMMIT[0m
  ↳ bin/rails:9
Migrating to CreatePlants (20191125113109)
  [1m[35m (0.2ms)[0m  [1m[35mBEGIN[0m
  ↳ bin/rails:9
  [1m[35m (5.8ms)[0m  [1m[35mCREATE TABLE "plants" ("id" bigserial primary key, "garden_id" bigint, "name" character varying, "image_url" character varying, "created_at" timestamp NOT NULL, "updated_at" timestamp NOT NULL, CONSTRAINT "fk_rails_2c5194e718"
FOREIGN KEY ("garden_id")
  REFERENCES "gardens" ("id")
)[0m
  ↳ db/migrate/20191125113109_create_plants.rb:3
  [1m[35m (1.5ms)[0m  [1m[35mCREATE  INDEX  "index_plants_on_garden_id" ON "plants"  ("garden_id")[0m
  ↳ db/migrate/20191125113109_create_plants.rb:3
  [1m[36mActiveRecord::SchemaMigration Create (0.3ms)[0m  [1m[32mINSERT INTO "schema_migrations" ("version") VALUES ($1) RETURNING "version"[0m  [["version", "20191125113109"]]
  ↳ bin/rails:9
  [1m[35m (0.6ms)[0m  [1m[35mCOMMIT[0m
  ↳ bin/rails:9
  [1m[36mActiveRecord::InternalMetadata Load (0.5ms)[0m  [1m[34mSELECT  "ar_internal_metadata".* FROM "ar_internal_metadata" WHERE "ar_internal_metadata"."key" = $1 LIMIT $2[0m  [["key", "environment"], ["LIMIT", 1]]
  ↳ bin/rails:9
  [1m[35m (0.2ms)[0m  [1m[35mBEGIN[0m
  ↳ bin/rails:9
  [1m[36mActiveRecord::InternalMetadata Create (0.6ms)[0m  [1m[32mINSERT INTO "ar_internal_metadata" ("key", "value", "created_at", "updated_at") VALUES ($1, $2, $3, $4) RETURNING "key"[0m  [["key", "environment"], ["value", "development"], ["created_at", "2020-03-23 13:40:43.167718"], ["updated_at", "2020-03-23 13:40:43.167718"]]
  ↳ bin/rails:9
  [1m[35m (0.5ms)[0m  [1m[35mCOMMIT[0m
  ↳ bin/rails:9
  [1m[35m (0.2ms)[0m  [1m[34mSELECT pg_advisory_unlock(5952389427026727090)[0m
  ↳ bin/rails:9
  [1m[35m (0.3ms)[0m  [1m[34mSELECT "schema_migrations"."version" FROM "schema_migrations" ORDER BY "schema_migrations"."version" ASC[0m
  ↳ bin/rails:9
  [1m[35m (0.6ms)[0m  [1m[34mSELECT "schema_migrations"."version" FROM "schema_migrations" ORDER BY "schema_migrations"."version" ASC[0m
  ↳ bin/rails:9
  [1m[36mGarden Load (0.8ms)[0m  [1m[34mSELECT "gardens".* FROM "gardens"[0m
  ↳ db/seeds.rb:1
  [1m[35m (0.2ms)[0m  [1m[35mBEGIN[0m
  ↳ db/seeds.rb:18
  [1m[36mGarden Exists (0.8ms)[0m  [1m[34mSELECT  1 AS one FROM "gardens" WHERE "gardens"."name" = $1 LIMIT $2[0m  [["name", "French garden"], ["LIMIT", 1]]
  ↳ db/seeds.rb:18
  [1m[36mGarden Create (0.7ms)[0m  [1m[32mINSERT INTO "gardens" ("name", "banner_url", "created_at", "updated_at") VALUES ($1, $2, $3, $4) RETURNING "id"[0m  [["name", "French garden"], ["banner_url", "https://images.unsplash.com/photo-1566830790860-f9cad9d4cfbd?crop=entropy&cs=tinysrgb&fit=crop&fm=jpg&h=700&ixid=eyJhcHBfaWQiOjF9&ixlib=rb-1.2.1&q=80&w=1200"], ["created_at", "2020-03-23 13:40:56.034614"], ["updated_at", "2020-03-23 13:40:56.034614"]]
  ↳ db/seeds.rb:18
  [1m[35m (1.3ms)[0m  [1m[35mCOMMIT[0m
  ↳ db/seeds.rb:18
  [1m[35m (0.3ms)[0m  [1m[35mBEGIN[0m
  ↳ db/seeds.rb:26
  [1m[36mPlant Exists (0.8ms)[0m  [1m[34mSELECT  1 AS one FROM "plants" WHERE "plants"."name" = $1 AND "plants"."garden_id" = $2 LIMIT $3[0m  [["name", "Miss Alanius"], ["garden_id", 1], ["LIMIT", 1]]
  ↳ db/seeds.rb:26
  [1m[36mPlant Create (0.9ms)[0m  [1m[32mINSERT INTO "plants" ("garden_id", "name", "image_url", "created_at", "updated_at") VALUES ($1, $2, $3, $4, $5) RETURNING "id"[0m  [["garden_id", 1], ["name", "Miss Alanius"], ["image_url", "https://images.unsplash.com/photo-1573556359325-8026e0363116?crop=entropy&cs=tinysrgb&fit=crop&fm=jpg&h=300&ixid=eyJhcHBfaWQiOjF9&ixlib=rb-1.2.1&q=80&w=400"], ["created_at", "2020-03-23 13:40:58.234917"], ["updated_at", "2020-03-23 13:40:58.234917"]]
  ↳ db/seeds.rb:26
  [1m[35m (0.6ms)[0m  [1m[35mCOMMIT[0m
  ↳ db/seeds.rb:26
  [1m[35m (0.4ms)[0m  [1m[35mBEGIN[0m
  ↳ db/seeds.rb:26
  [1m[36mPlant Exists (0.5ms)[0m  [1m[34mSELECT  1 AS one FROM "plants" WHERE "plants"."name" = $1 AND "plants"."garden_id" = $2 LIMIT $3[0m  [["name", "Ty Knotts"], ["garden_id", 1], ["LIMIT", 1]]
  ↳ db/seeds.rb:26
  [1m[36mPlant Create (0.5ms)[0m  [1m[32mINSERT INTO "plants" ("garden_id", "name", "image_url", "created_at", "updated_at") VALUES ($1, $2, $3, $4, $5) RETURNING "id"[0m  [["garden_id", 1], ["name", "Ty Knotts"], ["image_url", "https://images.unsplash.com/photo-1558877776-afb15108f750?crop=entropy&cs=tinysrgb&fit=crop&fm=jpg&h=300&ixid=eyJhcHBfaWQiOjF9&ixlib=rb-1.2.1&q=80&w=400"], ["created_at", "2020-03-23 13:41:01.894479"], ["updated_at", "2020-03-23 13:41:01.894479"]]
  ↳ db/seeds.rb:26
  [1m[35m (1.3ms)[0m  [1m[35mCOMMIT[0m
  ↳ db/seeds.rb:26
  [1m[35m (0.3ms)[0m  [1m[35mBEGIN[0m
  ↳ db/seeds.rb:26
  [1m[36mPlant Exists (0.6ms)[0m  [1m[34mSELECT  1 AS one FROM "plants" WHERE "plants"."name" = $1 AND "plants"."garden_id" = $2 LIMIT $3[0m  [["name", "Ben D. Fender"], ["garden_id", 1], ["LIMIT", 1]]
  ↳ db/seeds.rb:26
  [1m[36mPlant Create (0.6ms)[0m  [1m[32mINSERT INTO "plants" ("garden_id", "name", "image_url", "created_at", "updated_at") VALUES ($1, $2, $3, $4, $5) RETURNING "id"[0m  [["garden_id", 1], ["name", "Ben D. Fender"], ["image_url", "https://images.unsplash.com/photo-1554987178-0ed0b763121e?crop=entropy&cs=tinysrgb&fit=crop&fm=jpg&h=300&ixid=eyJhcHBfaWQiOjF9&ixlib=rb-1.2.1&q=80&w=400"], ["created_at", "2020-03-23 13:41:05.111384"], ["updated_at", "2020-03-23 13:41:05.111384"]]
  ↳ db/seeds.rb:26
  [1m[35m (12.9ms)[0m  [1m[35mCOMMIT[0m
  ↳ db/seeds.rb:26
  [1m[35m (0.3ms)[0m  [1m[35mBEGIN[0m
  ↳ db/seeds.rb:18
  [1m[36mGarden Exists (0.5ms)[0m  [1m[34mSELECT  1 AS one FROM "gardens" WHERE "gardens"."name" = $1 LIMIT $2[0m  [["name", "My Cute Balcony"], ["LIMIT", 1]]
  ↳ db/seeds.rb:18
  [1m[36mGarden Create (0.6ms)[0m  [1m[32mINSERT INTO "gardens" ("name", "banner_url", "created_at", "updated_at") VALUES ($1, $2, $3, $4) RETURNING "id"[0m  [["name", "My Cute Balcony"], ["banner_url", "https://images.unsplash.com/photo-1569174857893-c915df6bdfb7?crop=entropy&cs=tinysrgb&fit=crop&fm=jpg&h=700&ixid=eyJhcHBfaWQiOjF9&ixlib=rb-1.2.1&q=80&w=1200"], ["created_at", "2020-03-23 13:41:08.770705"], ["updated_at", "2020-03-23 13:41:08.770705"]]
  ↳ db/seeds.rb:18
  [1m[35m (1.4ms)[0m  [1m[35mCOMMIT[0m
  ↳ db/seeds.rb:18
  [1m[35m (0.3ms)[0m  [1m[35mBEGIN[0m
  ↳ db/seeds.rb:26
  [1m[36mPlant Exists (0.6ms)[0m  [1m[34mSELECT  1 AS one FROM "plants" WHERE "plants"."name" = $1 AND "plants"."garden_id" = $2 LIMIT $3[0m  [["name", "Penny Profit"], ["garden_id", 2], ["LIMIT", 1]]
  ↳ db/seeds.rb:26
  [1m[36mPlant Create (0.7ms)[0m  [1m[32mINSERT INTO "plants" ("garden_id", "name", "image_url", "created_at", "updated_at") VALUES ($1, $2, $3, $4, $5) RETURNING "id"[0m  [["garden_id", 2], ["name", "Penny Profit"], ["image_url", "https://images.unsplash.com/photo-1555994039-83aaee80f90f?crop=entropy&cs=tinysrgb&fit=crop&fm=jpg&h=300&ixid=eyJhcHBfaWQiOjF9&ixlib=rb-1.2.1&q=80&w=400"], ["created_at", "2020-03-23 13:41:10.341569"], ["updated_at", "2020-03-23 13:41:10.341569"]]
  ↳ db/seeds.rb:26
  [1m[35m (12.4ms)[0m  [1m[35mCOMMIT[0m
  ↳ db/seeds.rb:26
  [1m[35m (0.2ms)[0m  [1m[35mBEGIN[0m
  ↳ db/seeds.rb:26
  [1m[36mPlant Exists (0.4ms)[0m  [1m[34mSELECT  1 AS one FROM "plants" WHERE "plants"."name" = $1 AND "plants"."garden_id" = $2 LIMIT $3[0m  [["name", "Igor Beaver"], ["garden_id", 2], ["LIMIT", 1]]
  ↳ db/seeds.rb:26
  [1m[36mPlant Create (0.5ms)[0m  [1m[32mINSERT INTO "plants" ("garden_id", "name", "image_url", "created_at", "updated_at") VALUES ($1, $2, $3, $4, $5) RETURNING "id"[0m  [["garden_id", 2], ["name", "Igor Beaver"], ["image_url", "https://images.unsplash.com/photo-1511965544953-89fac55b7c24?crop=entropy&cs=tinysrgb&fit=crop&fm=jpg&h=300&ixid=eyJhcHBfaWQiOjF9&ixlib=rb-1.2.1&q=80&w=400"], ["created_at", "2020-03-23 13:41:14.021311"], ["updated_at", "2020-03-23 13:41:14.021311"]]
  ↳ db/seeds.rb:26
  [1m[35m (0.7ms)[0m  [1m[35mCOMMIT[0m
  ↳ db/seeds.rb:26
  [1m[35m (0.2ms)[0m  [1m[35mBEGIN[0m
  ↳ db/seeds.rb:26
  [1m[36mPlant Exists (0.6ms)[0m  [1m[34mSELECT  1 AS one FROM "plants" WHERE "plants"."name" = $1 AND "plants"."garden_id" = $2 LIMIT $3[0m  [["name", "Thor Luther"], ["garden_id", 2], ["LIMIT", 1]]
  ↳ db/seeds.rb:26
  [1m[36mPlant Create (0.6ms)[0m  [1m[32mINSERT INTO "plants" ("garden_id", "name", "image_url", "created_at", "updated_at") VALUES ($1, $2, $3, $4, $5) RETURNING "id"[0m  [["garden_id", 2], ["name", "Thor Luther"], ["image_url", "https://images.unsplash.com/photo-1583506168572-9b0c90186285?crop=entropy&cs=tinysrgb&fit=crop&fm=jpg&h=300&ixid=eyJhcHBfaWQiOjF9&ixlib=rb-1.2.1&q=80&w=400"], ["created_at", "2020-03-23 13:41:18.013836"], ["updated_at", "2020-03-23 13:41:18.013836"]]
  ↳ db/seeds.rb:26
  [1m[35m (4.4ms)[0m  [1m[35mCOMMIT[0m
  ↳ db/seeds.rb:26
  [1m[35m (0.3ms)[0m  [1m[35mBEGIN[0m
  ↳ db/seeds.rb:18
  [1m[36mGarden Exists (0.4ms)[0m  [1m[34mSELECT  1 AS one FROM "gardens" WHERE "gardens"."name" = $1 LIMIT $2[0m  [["name", "English garden"], ["LIMIT", 1]]
  ↳ db/seeds.rb:18
  [1m[36mGarden Create (0.4ms)[0m  [1m[32mINSERT INTO "gardens" ("name", "banner_url", "created_at", "updated_at") VALUES ($1, $2, $3, $4) RETURNING "id"[0m  [["name", "English garden"], ["banner_url", "https://images.unsplash.com/photo-1559964398-f8e5e4ce8241?crop=entropy&cs=tinysrgb&fit=crop&fm=jpg&h=700&ixid=eyJhcHBfaWQiOjF9&ixlib=rb-1.2.1&q=80&w=1200"], ["created_at", "2020-03-23 13:41:21.324599"], ["updated_at", "2020-03-23 13:41:21.324599"]]
  ↳ db/seeds.rb:18
  [1m[35m (4.4ms)[0m  [1m[35mCOMMIT[0m
  ↳ db/seeds.rb:18
  [1m[35m (0.6ms)[0m  [1m[35mBEGIN[0m
  ↳ db/seeds.rb:26
  [1m[36mPlant Exists (0.6ms)[0m  [1m[34mSELECT  1 AS one FROM "plants" WHERE "plants"."name" = $1 AND "plants"."garden_id" = $2 LIMIT $3[0m  [["name", "Drew Blood"], ["garden_id", 3], ["LIMIT", 1]]
  ↳ db/seeds.rb:26
  [1m[36mPlant Create (0.6ms)[0m  [1m[32mINSERT INTO "plants" ("garden_id", "name", "image_url", "created_at", "updated_at") VALUES ($1, $2, $3, $4, $5) RETURNING "id"[0m  [["garden_id", 3], ["name", "Drew Blood"], ["image_url", "https://images.unsplash.com/photo-1554632595-821e26613f5c?crop=entropy&cs=tinysrgb&fit=crop&fm=jpg&h=300&ixid=eyJhcHBfaWQiOjF9&ixlib=rb-1.2.1&q=80&w=400"], ["created_at", "2020-03-23 13:41:23.015061"], ["updated_at", "2020-03-23 13:41:23.015061"]]
  ↳ db/seeds.rb:26
  [1m[35m (12.4ms)[0m  [1m[35mCOMMIT[0m
  ↳ db/seeds.rb:26
  [1m[35m (0.3ms)[0m  [1m[35mBEGIN[0m
  ↳ db/seeds.rb:26
  [1m[36mPlant Exists (0.6ms)[0m  [1m[34mSELECT  1 AS one FROM "plants" WHERE "plants"."name" = $1 AND "plants"."garden_id" = $2 LIMIT $3[0m  [["name", "Lynn O. Liam"], ["garden_id", 3], ["LIMIT", 1]]
  ↳ db/seeds.rb:26
  [1m[36mPlant Create (0.6ms)[0m  [1m[32mINSERT INTO "plants" ("garden_id", "name", "image_url", "created_at", "updated_at") VALUES ($1, $2, $3, $4, $5) RETURNING "id"[0m  [["garden_id", 3], ["name", "Lynn O. Liam"], ["image_url", "https://images.unsplash.com/photo-1490200875941-af94587329a3?crop=entropy&cs=tinysrgb&fit=crop&fm=jpg&h=300&ixid=eyJhcHBfaWQiOjF9&ixlib=rb-1.2.1&q=80&w=400"], ["created_at", "2020-03-23 13:41:26.601884"], ["updated_at", "2020-03-23 13:41:26.601884"]]
  ↳ db/seeds.rb:26
  [1m[35m (12.6ms)[0m  [1m[35mCOMMIT[0m
  ↳ db/seeds.rb:26
  [1m[35m (0.2ms)[0m  [1m[35mBEGIN[0m
  ↳ db/seeds.rb:26
  [1m[36mPlant Exists (0.5ms)[0m  [1m[34mSELECT  1 AS one FROM "plants" WHERE "plants"."name" = $1 AND "plants"."garden_id" = $2 LIMIT $3[0m  [["name", "Bonnie Ann Clyde"], ["garden_id", 3], ["LIMIT", 1]]
  ↳ db/seeds.rb:26
  [1m[36mPlant Create (0.5ms)[0m  [1m[32mINSERT INTO "plants" ("garden_id", "name", "image_url", "created_at", "updated_at") VALUES ($1, $2, $3, $4, $5) RETURNING "id"[0m  [["garden_id", 3], ["name", "Bonnie Ann Clyde"], ["image_url", "https://images.unsplash.com/photo-1556113275-d186de384a3c?crop=entropy&cs=tinysrgb&fit=crop&fm=jpg&h=300&ixid=eyJhcHBfaWQiOjF9&ixlib=rb-1.2.1&q=80&w=400"], ["created_at", "2020-03-23 13:41:30.750434"], ["updated_at", "2020-03-23 13:41:30.750434"]]
  ↳ db/seeds.rb:26
  [1m[35m (4.4ms)[0m  [1m[35mCOMMIT[0m
  ↳ db/seeds.rb:26
  [1m[35m (0.3ms)[0m  [1m[35mBEGIN[0m
  ↳ db/seeds.rb:18
  [1m[36mGarden Exists (0.5ms)[0m  [1m[34mSELECT  1 AS one FROM "gardens" WHERE "gardens"."name" = $1 LIMIT $2[0m  [["name", "Flowered patio"], ["LIMIT", 1]]
  ↳ db/seeds.rb:18
  [1m[36mGarden Create (0.3ms)[0m  [1m[32mINSERT INTO "gardens" ("name", "banner_url", "created_at", "updated_at") VALUES ($1, $2, $3, $4) RETURNING "id"[0m  [["name", "Flowered patio"], ["banner_url", "https://images.unsplash.com/photo-1565068963906-a5eec6aced66?crop=entropy&cs=tinysrgb&fit=crop&fm=jpg&h=700&ixid=eyJhcHBfaWQiOjF9&ixlib=rb-1.2.1&q=80&w=1200"], ["created_at", "2020-03-23 13:41:34.105689"], ["updated_at", "2020-03-23 13:41:34.105689"]]
  ↳ db/seeds.rb:18
  [1m[35m (1.2ms)[0m  [1m[35mCOMMIT[0m
  ↳ db/seeds.rb:18
  [1m[35m (0.2ms)[0m  [1m[35mBEGIN[0m
  ↳ db/seeds.rb:26
  [1m[36mPlant Exists (0.5ms)[0m  [1m[34mSELECT  1 AS one FROM "plants" WHERE "plants"."name" = $1 AND "plants"."garden_id" = $2 LIMIT $3[0m  [["name", "Jed Dye"], ["garden_id", 4], ["LIMIT", 1]]
  ↳ db/seeds.rb:26
  [1m[36mPlant Create (0.5ms)[0m  [1m[32mINSERT INTO "plants" ("garden_id", "name", "image_url", "created_at", "updated_at") VALUES ($1, $2, $3, $4, $5) RETURNING "id"[0m  [["garden_id", 4], ["name", "Jed Dye"], ["image_url", "https://images.unsplash.com/photo-1556891852-66b118619743?crop=entropy&cs=tinysrgb&fit=crop&fm=jpg&h=300&ixid=eyJhcHBfaWQiOjF9&ixlib=rb-1.2.1&q=80&w=400"], ["created_at", "2020-03-23 13:41:35.392280"], ["updated_at", "2020-03-23 13:41:35.392280"]]
  ↳ db/seeds.rb:26
  [1m[35m (5.2ms)[0m  [1m[35mCOMMIT[0m
  ↳ db/seeds.rb:26
  [1m[35m (0.2ms)[0m  [1m[35mBEGIN[0m
  ↳ db/seeds.rb:26
  [1m[36mPlant Exists (0.5ms)[0m  [1m[34mSELECT  1 AS one FROM "plants" WHERE "plants"."name" = $1 AND "plants"."garden_id" = $2 LIMIT $3[0m  [["name", "Holly Day"], ["garden_id", 4], ["LIMIT", 1]]
  ↳ db/seeds.rb:26
  [1m[36mPlant Create (0.5ms)[0m  [1m[32mINSERT INTO "plants" ("garden_id", "name", "image_url", "created_at", "updated_at") VALUES ($1, $2, $3, $4, $5) RETURNING "id"[0m  [["garden_id", 4], ["name", "Holly Day"], ["image_url", "https://images.unsplash.com/photo-1572890323975-5f4d74b7d6cb?crop=entropy&cs=tinysrgb&fit=crop&fm=jpg&h=300&ixid=eyJhcHBfaWQiOjF9&ixlib=rb-1.2.1&q=80&w=400"], ["created_at", "2020-03-23 13:41:38.289453"], ["updated_at", "2020-03-23 13:41:38.289453"]]
  ↳ db/seeds.rb:26
  [1m[35m (12.4ms)[0m  [1m[35mCOMMIT[0m
  ↳ db/seeds.rb:26
  [1m[35m (0.3ms)[0m  [1m[35mBEGIN[0m
  ↳ db/seeds.rb:26
  [1m[36mPlant Exists (0.5ms)[0m  [1m[34mSELECT  1 AS one FROM "plants" WHERE "plants"."name" = $1 AND "plants"."garden_id" = $2 LIMIT $3[0m  [["name", "Lou Dan Obseen"], ["garden_id", 4], ["LIMIT", 1]]
  ↳ db/seeds.rb:26
  [1m[36mPlant Create (0.6ms)[0m  [1m[32mINSERT INTO "plants" ("garden_id", "name", "image_url", "created_at", "updated_at") VALUES ($1, $2, $3, $4, $5) RETURNING "id"[0m  [["garden_id", 4], ["name", "Lou Dan Obseen"], ["image_url", "https://images.unsplash.com/photo-1572890323975-5f4d74b7d6cb?crop=entropy&cs=tinysrgb&fit=crop&fm=jpg&h=300&ixid=eyJhcHBfaWQiOjF9&ixlib=rb-1.2.1&q=80&w=400"], ["created_at", "2020-03-23 13:41:40.796535"], ["updated_at", "2020-03-23 13:41:40.796535"]]
  ↳ db/seeds.rb:26
  [1m[35m (1.3ms)[0m  [1m[35mCOMMIT[0m
  ↳ db/seeds.rb:26
  [1m[35m (0.2ms)[0m  [1m[35mBEGIN[0m
  ↳ db/seeds.rb:18
  [1m[36mGarden Exists (0.4ms)[0m  [1m[34mSELECT  1 AS one FROM "gardens" WHERE "gardens"."name" = $1 LIMIT $2[0m  [["name", "Garden in Japan"], ["LIMIT", 1]]
  ↳ db/seeds.rb:18
  [1m[36mGarden Create (0.4ms)[0m  [1m[32mINSERT INTO "gardens" ("name", "banner_url", "created_at", "updated_at") VALUES ($1, $2, $3, $4) RETURNING "id"[0m  [["name", "Garden in Japan"], ["banner_url", "https://images.unsplash.com/photo-1545289763-1a46ebc867ea?crop=entropy&cs=tinysrgb&fit=crop&fm=jpg&h=700&ixid=eyJhcHBfaWQiOjF9&ixlib=rb-1.2.1&q=80&w=1200"], ["created_at", "2020-03-23 13:41:44.500453"], ["updated_at", "2020-03-23 13:41:44.500453"]]
  ↳ db/seeds.rb:18
  [1m[35m (1.2ms)[0m  [1m[35mCOMMIT[0m
  ↳ db/seeds.rb:18
  [1m[35m (0.3ms)[0m  [1m[35mBEGIN[0m
  ↳ db/seeds.rb:26
  [1m[36mPlant Exists (0.6ms)[0m  [1m[34mSELECT  1 AS one FROM "plants" WHERE "plants"."name" = $1 AND "plants"."garden_id" = $2 LIMIT $3[0m  [["name", "Taylor Maid"], ["garden_id", 5], ["LIMIT", 1]]
  ↳ db/seeds.rb:26
  [1m[36mPlant Create (0.6ms)[0m  [1m[32mINSERT INTO "plants" ("garden_id", "name", "image_url", "created_at", "updated_at") VALUES ($1, $2, $3, $4, $5) RETURNING "id"[0m  [["garden_id", 5], ["name", "Taylor Maid"], ["image_url", "https://images.unsplash.com/photo-1563439182810-72dcd6eb9d14?crop=entropy&cs=tinysrgb&fit=crop&fm=jpg&h=300&ixid=eyJhcHBfaWQiOjF9&ixlib=rb-1.2.1&q=80&w=400"], ["created_at", "2020-03-23 13:41:45.972085"], ["updated_at", "2020-03-23 13:41:45.972085"]]
  ↳ db/seeds.rb:26
  [1m[35m (12.6ms)[0m  [1m[35mCOMMIT[0m
  ↳ db/seeds.rb:26
  [1m[35m (0.2ms)[0m  [1m[35mBEGIN[0m
  ↳ db/seeds.rb:26
  [1m[36mPlant Exists (0.4ms)[0m  [1m[34mSELECT  1 AS one FROM "plants" WHERE "plants"."name" = $1 AND "plants"."garden_id" = $2 LIMIT $3[0m  [["name", "Russell Sprout"], ["garden_id", 5], ["LIMIT", 1]]
  ↳ db/seeds.rb:26
  [1m[36mPlant Create (0.5ms)[0m  [1m[32mINSERT INTO "plants" ("garden_id", "name", "image_url", "created_at", "updated_at") VALUES ($1, $2, $3, $4, $5) RETURNING "id"[0m  [["garden_id", 5], ["name", "Russell Sprout"], ["image_url", "https://images.unsplash.com/photo-1584818349455-fa1f13ddcfea?crop=entropy&cs=tinysrgb&fit=crop&fm=jpg&h=300&ixid=eyJhcHBfaWQiOjF9&ixlib=rb-1.2.1&q=80&w=400"], ["created_at", "2020-03-23 13:41:49.255488"], ["updated_at", "2020-03-23 13:41:49.255488"]]
  ↳ db/seeds.rb:26
  [1m[35m (12.5ms)[0m  [1m[35mCOMMIT[0m
  ↳ db/seeds.rb:26
  [1m[35m (0.2ms)[0m  [1m[35mBEGIN[0m
  ↳ db/seeds.rb:26
  [1m[36mPlant Exists (0.5ms)[0m  [1m[34mSELECT  1 AS one FROM "plants" WHERE "plants"."name" = $1 AND "plants"."garden_id" = $2 LIMIT $3[0m  [["name", "Sal Ami"], ["garden_id", 5], ["LIMIT", 1]]
  ↳ db/seeds.rb:26
  [1m[36mPlant Create (0.5ms)[0m  [1m[32mINSERT INTO "plants" ("garden_id", "name", "image_url", "created_at", "updated_at") VALUES ($1, $2, $3, $4, $5) RETURNING "id"[0m  [["garden_id", 5], ["name", "Sal Ami"], ["image_url", "https://images.unsplash.com/photo-1553677696-ba7ce9bc37e2?crop=entropy&cs=tinysrgb&fit=crop&fm=jpg&h=300&ixid=eyJhcHBfaWQiOjF9&ixlib=rb-1.2.1&q=80&w=400"], ["created_at", "2020-03-23 13:41:53.034076"], ["updated_at", "2020-03-23 13:41:53.034076"]]
  ↳ db/seeds.rb:26
  [1m[35m (12.4ms)[0m  [1m[35mCOMMIT[0m
  ↳ db/seeds.rb:26
Started GET "/" for ::1 at 2020-03-23 14:41:53 +0100
  [1m[35m (1.2ms)[0m  [1m[34mSELECT "schema_migrations"."version" FROM "schema_migrations" ORDER BY "schema_migrations"."version" ASC[0m
  ↳ /home/clement/.rbenv/versions/2.6.5/lib/ruby/gems/2.6.0/gems/activerecord-5.2.3/lib/active_record/log_subscriber.rb:98
Processing by GardensController#index as HTML
  Rendering gardens/index.html.erb within layouts/application
  [1m[36mGarden Load (0.6ms)[0m  [1m[34mSELECT "gardens".* FROM "gardens"[0m
  ↳ app/views/gardens/index.html.erb:42
  Rendered gardens/_garden_card.html.erb (1.2ms)
  Rendered gardens/_garden_card.html.erb (0.3ms)
  Rendered gardens/_garden_card.html.erb (0.4ms)
  Rendered gardens/_garden_card.html.erb (0.3ms)
  Rendered gardens/_garden_card.html.erb (0.3ms)
  Rendered gardens/index.html.erb within layouts/application (1944.0ms)
  Rendered shared/_navbar.html.erb (1.0ms)
  Rendered shared/_footer.html.erb (0.4ms)
[Webpacker] Compiling...
  [1m[35m (0.2ms)[0m  [1m[35mBEGIN[0m
  ↳ db/seeds.rb:18
  [1m[36mGarden Exists (0.5ms)[0m  [1m[34mSELECT  1 AS one FROM "gardens" WHERE "gardens"."name" = $1 LIMIT $2[0m  [["name", "Walk among flowers"], ["LIMIT", 1]]
  ↳ db/seeds.rb:18
  [1m[36mGarden Create (0.6ms)[0m  [1m[32mINSERT INTO "gardens" ("name", "banner_url", "created_at", "updated_at") VALUES ($1, $2, $3, $4) RETURNING "id"[0m  [["name", "Walk among flowers"], ["banner_url", "https://images.unsplash.com/photo-1550948390-6eb7fa773072?crop=entropy&cs=tinysrgb&fit=crop&fm=jpg&h=700&ixid=eyJhcHBfaWQiOjF9&ixlib=rb-1.2.1&q=80&w=1200"], ["created_at", "2020-03-23 13:41:56.750172"], ["updated_at", "2020-03-23 13:41:56.750172"]]
  ↳ db/seeds.rb:18
  [1m[35m (4.6ms)[0m  [1m[35mCOMMIT[0m
  ↳ db/seeds.rb:18
[Webpacker] Compiled all packs in /home/clement/code/ClementLucien/Epreuve preliminaire/public/packs
[Webpacker] Hash: e3128af20ae85497fdaa
Version: webpack 4.41.2
Time: 956ms
Built at: 03/23/2020 2:41:57 PM
                                     Asset       Size       Chunks                         Chunk Names
    js/application-1a62a4814a25238fb785.js    495 KiB  application  [emitted] [immutable]  application
js/application-1a62a4814a25238fb785.js.map    622 KiB  application  [emitted] [dev]        application
                             manifest.json  364 bytes               [emitted]              
Entrypoint application = js/application-1a62a4814a25238fb785.js js/application-1a62a4814a25238fb785.js.map
[./app/javascript/packs/application.js] 19 bytes {application} [built]
[./node_modules/webpack/buildin/global.js] (webpack)/buildin/global.js 472 bytes {application} [built]
    + 3 hidden modules

Completed 200 OK in 4360ms (Views: 4343.2ms | ActiveRecord: 7.1ms)


  [1m[35m (0.2ms)[0m  [1m[35mBEGIN[0m
  ↳ db/seeds.rb:26
  [1m[36mPlant Exists (0.5ms)[0m  [1m[34mSELECT  1 AS one FROM "plants" WHERE "plants"."name" = $1 AND "plants"."garden_id" = $2 LIMIT $3[0m  [["name", "Al Dente"], ["garden_id", 6], ["LIMIT", 1]]
  ↳ db/seeds.rb:26
  [1m[36mPlant Create (0.6ms)[0m  [1m[32mINSERT INTO "plants" ("garden_id", "name", "image_url", "created_at", "updated_at") VALUES ($1, $2, $3, $4, $5) RETURNING "id"[0m  [["garden_id", 6], ["name", "Al Dente"], ["image_url", "https://images.unsplash.com/photo-1570171418646-fcd29f72c38f?crop=entropy&cs=tinysrgb&fit=crop&fm=jpg&h=300&ixid=eyJhcHBfaWQiOjF9&ixlib=rb-1.2.1&q=80&w=400"], ["created_at", "2020-03-23 13:41:59.476256"], ["updated_at", "2020-03-23 13:41:59.476256"]]
  ↳ db/seeds.rb:26
  [1m[35m (4.4ms)[0m  [1m[35mCOMMIT[0m
  ↳ db/seeds.rb:26
  [1m[35m (0.2ms)[0m  [1m[35mBEGIN[0m
  ↳ db/seeds.rb:26
  [1m[36mPlant Exists (0.5ms)[0m  [1m[34mSELECT  1 AS one FROM "plants" WHERE "plants"."name" = $1 AND "plants"."garden_id" = $2 LIMIT $3[0m  [["name", "Ivan Oder"], ["garden_id", 6], ["LIMIT", 1]]
  ↳ db/seeds.rb:26
  [1m[36mPlant Create (0.5ms)[0m  [1m[32mINSERT INTO "plants" ("garden_id", "name", "image_url", "created_at", "updated_at") VALUES ($1, $2, $3, $4, $5) RETURNING "id"[0m  [["garden_id", 6], ["name", "Ivan Oder"], ["image_url", "https://images.unsplash.com/photo-1558088451-2ad42281be46?crop=entropy&cs=tinysrgb&fit=crop&fm=jpg&h=300&ixid=eyJhcHBfaWQiOjF9&ixlib=rb-1.2.1&q=80&w=400"], ["created_at", "2020-03-23 13:42:03.183027"], ["updated_at", "2020-03-23 13:42:03.183027"]]
  ↳ db/seeds.rb:26
  [1m[35m (12.4ms)[0m  [1m[35mCOMMIT[0m
  ↳ db/seeds.rb:26
  [1m[35m (0.4ms)[0m  [1m[35mBEGIN[0m
  ↳ db/seeds.rb:26
  [1m[36mPlant Exists (0.6ms)[0m  [1m[34mSELECT  1 AS one FROM "plants" WHERE "plants"."name" = $1 AND "plants"."garden_id" = $2 LIMIT $3[0m  [["name", "Tanya Hyde"], ["garden_id", 6], ["LIMIT", 1]]
  ↳ db/seeds.rb:26
  [1m[36mPlant Create (0.6ms)[0m  [1m[32mINSERT INTO "plants" ("garden_id", "name", "image_url", "created_at", "updated_at") VALUES ($1, $2, $3, $4, $5) RETURNING "id"[0m  [["garden_id", 6], ["name", "Tanya Hyde"], ["image_url", "https://images.unsplash.com/photo-1500196583336-e23a56c4eea8?crop=entropy&cs=tinysrgb&fit=crop&fm=jpg&h=300&ixid=eyJhcHBfaWQiOjF9&ixlib=rb-1.2.1&q=80&w=400"], ["created_at", "2020-03-23 13:42:06.861798"], ["updated_at", "2020-03-23 13:42:06.861798"]]
  ↳ db/seeds.rb:26
  [1m[35m (4.5ms)[0m  [1m[35mCOMMIT[0m
  ↳ db/seeds.rb:26
Started GET "/" for ::1 at 2020-03-23 14:42:49 +0100
  [1m[35m (1.1ms)[0m  [1m[34mSELECT "schema_migrations"."version" FROM "schema_migrations" ORDER BY "schema_migrations"."version" ASC[0m
  ↳ /home/clement/.rbenv/versions/2.6.5/lib/ruby/gems/2.6.0/gems/activerecord-5.2.3/lib/active_record/log_subscriber.rb:98
Processing by GardensController#index as HTML
  Rendering gardens/index.html.erb within layouts/application
  [1m[36mGarden Load (0.7ms)[0m  [1m[34mSELECT "gardens".* FROM "gardens"[0m
  ↳ app/views/gardens/index.html.erb:42
  Rendered gardens/_garden_card.html.erb (0.6ms)
  Rendered gardens/_garden_card.html.erb (0.1ms)
  Rendered gardens/_garden_card.html.erb (0.1ms)
  Rendered gardens/_garden_card.html.erb (0.2ms)
  Rendered gardens/_garden_card.html.erb (0.1ms)
  Rendered gardens/_garden_card.html.erb (0.1ms)
  Rendered gardens/index.html.erb within layouts/application (157.5ms)
  Rendered shared/_navbar.html.erb (0.6ms)
  Rendered shared/_footer.html.erb (0.2ms)
[Webpacker] Everything's up-to-date. Nothing to do
Completed 200 OK in 190ms (Views: 172.1ms | ActiveRecord: 8.9ms)


Started GET "/gardens/5" for ::1 at 2020-03-23 14:43:07 +0100
Processing by GardensController#show as HTML
  Parameters: {"id"=>"5"}
  [1m[36mGarden Load (0.5ms)[0m  [1m[34mSELECT  "gardens".* FROM "gardens" WHERE "gardens"."id" = $1 LIMIT $2[0m  [["id", 5], ["LIMIT", 1]]
  ↳ app/controllers/gardens_controller.rb:7
  Rendering gardens/show.html.erb within layouts/application
  [1m[36mPlant Load (0.5ms)[0m  [1m[34mSELECT "plants".* FROM "plants" WHERE "plants"."garden_id" = $1[0m  [["garden_id", 5]]
  ↳ app/views/gardens/show.html.erb:9
  Rendered gardens/_plant_card.html.erb (0.6ms)
  Rendered gardens/_plant_card.html.erb (0.1ms)
  Rendered gardens/_plant_card.html.erb (0.1ms)
  Rendered gardens/show.html.erb within layouts/application (126.8ms)
  Rendered shared/_navbar.html.erb (1.0ms)
  Rendered shared/_footer.html.erb (0.3ms)
[Webpacker] Everything's up-to-date. Nothing to do
Completed 200 OK in 175ms (Views: 141.7ms | ActiveRecord: 7.2ms)


Started GET "/" for ::1 at 2020-03-23 14:43:19 +0100
Processing by GardensController#index as HTML
  Rendering gardens/index.html.erb within layouts/application
  [1m[36mGarden Load (0.4ms)[0m  [1m[34mSELECT "gardens".* FROM "gardens"[0m
  ↳ app/views/gardens/index.html.erb:42
  Rendered gardens/_garden_card.html.erb (0.6ms)
  Rendered gardens/_garden_card.html.erb (0.3ms)
  Rendered gardens/_garden_card.html.erb (0.2ms)
  Rendered gardens/_garden_card.html.erb (0.3ms)
  Rendered gardens/_garden_card.html.erb (0.2ms)
  Rendered gardens/_garden_card.html.erb (0.2ms)
  Rendered gardens/index.html.erb within layouts/application (9.0ms)
  Rendered shared/_navbar.html.erb (0.6ms)
  Rendered shared/_footer.html.erb (0.2ms)
[Webpacker] Everything's up-to-date. Nothing to do
Completed 200 OK in 24ms (Views: 22.5ms | ActiveRecord: 0.4ms)


